Info: Starting: Create simulation model
Info: ip-generate --project-directory=C:/Users/Hamza/Desktop/CAN/Network_can/ --output-directory=C:/Users/Hamza/Desktop/CAN/Network_can/Network_can/simulation/ --file-set=SIM_VHDL --report-file=html:C:/Users/Hamza/Desktop/CAN/Network_can/Network_can.html --report-file=sopcinfo:C:/Users/Hamza/Desktop/CAN/Network_can/Network_can.sopcinfo --report-file=csv:C:/Users/Hamza/Desktop/CAN/Network_can/Network_can.csv --report-file=spd:C:/Users/Hamza/Desktop/CAN/Network_can/Network_can.spd --report-file=sip:C:/Users/Hamza/Desktop/CAN/Network_can/Network_can/simulation/Network_can.sip --report-file=cmp:C:/Users/Hamza/Desktop/CAN/Network_can/Network_can.cmp --system-info=DEVICE_FAMILY="Cyclone III" --system-info=DEVICE=EP3C25F324C6 --system-info=DEVICE_SPEEDGRADE=6 --component-file=C:/Users/Hamza/Desktop/CAN/Network_can/Network_can.qsys
Progress: Loading Network_can/Network_can.qsys
Progress: Reading input file
Progress: Adding clk_0 [clock_source 13.1]
Progress: Parameterizing module clk_0
Progress: Adding Can_controller_0 [Can_controller 1.0]
Progress: Parameterizing module Can_controller_0
Progress: Adding nios2_qsys_0 [altera_nios2_qsys 13.1]
Progress: Parameterizing module nios2_qsys_0
Progress: Adding nios2_qsys_1 [altera_nios2_qsys 13.1]
Progress: Parameterizing module nios2_qsys_1
Progress: Adding onchip_memory2_0 [altera_avalon_onchip_memory2 13.1]
Progress: Parameterizing module onchip_memory2_0
Progress: Adding onchip_memory2_1 [altera_avalon_onchip_memory2 13.1]
Progress: Parameterizing module onchip_memory2_1
Progress: Adding Can_controller_1 [Can_controller 1.0]
Progress: Parameterizing module Can_controller_1
Progress: Adding clk_1 [clock_source 13.1]
Progress: Parameterizing module clk_1
Progress: Adding Bus_CAN_0 [Bus_CAN 1.0]
Progress: Parameterizing module Bus_CAN_0
Progress: Building connections
Progress: Parameterizing connections
Progress: Validating
Progress: Done reading input file
Info: Network_can: Generating Network_can "Network_can" for SIM_VHDL
Info: pipeline_bridge_swap_transform: After transform: 9 modules, 34 connections
Info: No custom instruction connections, skipping transform 
Info: merlin_initial_interconnect_transform: After transform: 4 modules, 14 connections
Info: merlin_translator_transform: After transform: 9 modules, 34 connections
Info: merlin_domain_transform: After transform: 18 modules, 92 connections
Info: merlin_router_transform: After transform: 23 modules, 112 connections
Info: merlin_burst_transform: After transform: 24 modules, 116 connections
Info: merlin_network_to_switch_transform: After transform: 33 modules, 141 connections
Info: merlin_width_transform: After transform: 35 modules, 149 connections
Info: merlin_clock_and_reset_bridge_transform: After transform: 37 modules, 185 connections
Info: merlin_hierarchy_transform: After transform: 10 modules, 37 connections
Info: merlin_initial_interconnect_transform: After transform: 4 modules, 14 connections
Info: merlin_translator_transform: After transform: 9 modules, 34 connections
Info: merlin_domain_transform: After transform: 18 modules, 92 connections
Info: merlin_router_transform: After transform: 23 modules, 112 connections
Info: merlin_burst_transform: After transform: 24 modules, 116 connections
Info: merlin_network_to_switch_transform: After transform: 33 modules, 141 connections
Info: merlin_width_transform: After transform: 35 modules, 149 connections
Info: merlin_clock_and_reset_bridge_transform: After transform: 37 modules, 185 connections
Info: merlin_hierarchy_transform: After transform: 11 modules, 40 connections
Info: merlin_mm_transform: After transform: 11 modules, 40 connections
Info: merlin_interrupt_mapper_transform: After transform: 13 modules, 48 connections
Info: reset_adaptation_transform: After transform: 17 modules, 52 connections
Info: Can_controller_0: "Network_can" instantiated Can_controller "Can_controller_0"
Info: nios2_qsys_0: Starting RTL generation for module 'Network_can_nios2_qsys_0'
Info: nios2_qsys_0:   Generation command is [exec C:/altera/13.1/quartus/bin/eperlcmd.exe -I C:/altera/13.1/quartus/bin/perl/lib -I C:/altera/13.1/quartus/sopc_builder/bin/europa -I C:/altera/13.1/quartus/sopc_builder/bin/perl_lib -I C:/altera/13.1/quartus/sopc_builder/bin -I C:/altera/13.1/quartus/../ip/altera/nios2_ip/altera_nios2/cpu_lib -I C:/altera/13.1/quartus/../ip/altera/nios2_ip/altera_nios2/nios_lib -I C:/altera/13.1/quartus/../ip/altera/nios2_ip/altera_nios2 -I C:/altera/13.1/quartus/../ip/altera/nios2_ip/altera_nios2 -- C:/altera/13.1/quartus/../ip/altera/nios2_ip/altera_nios2/generate_rtl.epl --name=Network_can_nios2_qsys_0 --dir=C:/Users/Hamza/AppData/Local/Temp/alt7171_3267209053119307091.dir/0004_nios2_qsys_0_gen/ --quartus_dir=C:/altera/13.1/quartus --vhdl --config=C:/Users/Hamza/AppData/Local/Temp/alt7171_3267209053119307091.dir/0004_nios2_qsys_0_gen//Network_can_nios2_qsys_0_processor_configuration.pl  --do_build_sim=1    --sim_dir=C:/Users/Hamza/AppData/Local/Temp/alt7171_3267209053119307091.dir/0004_nios2_qsys_0_gen/  ]
Info: nios2_qsys_0: # 2017.01.05 22:42:52 (*) Starting Nios II generation
Info: nios2_qsys_0: # 2017.01.05 22:42:52 (*)   Checking for plaintext license.
Info: nios2_qsys_0: # 2017.01.05 22:42:54 (*)   Couldn't query license setup in Quartus directory C:/altera/13.1/quartus
Info: nios2_qsys_0: # 2017.01.05 22:42:54 (*)   Defaulting to contents of LM_LICENSE_FILE environment variable
Info: nios2_qsys_0: # 2017.01.05 22:42:54 (*)   LM_LICENSE_FILE environment variable is empty
Info: nios2_qsys_0: # 2017.01.05 22:42:54 (*)   Plaintext license not found.
Info: nios2_qsys_0: # 2017.01.05 22:42:54 (*)   No license required to generate encrypted Nios II/e.
Info: nios2_qsys_0: # 2017.01.05 22:42:54 (*)   Elaborating CPU configuration settings
Info: nios2_qsys_0: # 2017.01.05 22:42:54 (*)   Creating all objects for CPU
Info: nios2_qsys_0: # 2017.01.05 22:42:55 (*)   Creating 'C:/Users/Hamza/AppData/Local/Temp/alt7171_3267209053119307091.dir/0004_nios2_qsys_0_gen//Network_can_nios2_qsys_0_nios2_waves.do'
Info: nios2_qsys_0: # 2017.01.05 22:42:55 (*)   Generating RTL from CPU objects
Info: nios2_qsys_0: # 2017.01.05 22:42:55 (*)   Creating plain-text RTL
Info: nios2_qsys_0: # 2017.01.05 22:42:59 (*) Done Nios II generation
Info: nios2_qsys_0: Done RTL generation for module 'Network_can_nios2_qsys_0'
Info: nios2_qsys_0: "Network_can" instantiated altera_nios2_qsys "nios2_qsys_0"
Info: nios2_qsys_1: Starting RTL generation for module 'Network_can_nios2_qsys_1'
Info: nios2_qsys_1:   Generation command is [exec C:/altera/13.1/quartus/bin/eperlcmd.exe -I C:/altera/13.1/quartus/bin/perl/lib -I C:/altera/13.1/quartus/sopc_builder/bin/europa -I C:/altera/13.1/quartus/sopc_builder/bin/perl_lib -I C:/altera/13.1/quartus/sopc_builder/bin -I C:/altera/13.1/quartus/../ip/altera/nios2_ip/altera_nios2/cpu_lib -I C:/altera/13.1/quartus/../ip/altera/nios2_ip/altera_nios2/nios_lib -I C:/altera/13.1/quartus/../ip/altera/nios2_ip/altera_nios2 -I C:/altera/13.1/quartus/../ip/altera/nios2_ip/altera_nios2 -- C:/altera/13.1/quartus/../ip/altera/nios2_ip/altera_nios2/generate_rtl.epl --name=Network_can_nios2_qsys_1 --dir=C:/Users/Hamza/AppData/Local/Temp/alt7171_3267209053119307091.dir/0005_nios2_qsys_1_gen/ --quartus_dir=C:/altera/13.1/quartus --vhdl --config=C:/Users/Hamza/AppData/Local/Temp/alt7171_3267209053119307091.dir/0005_nios2_qsys_1_gen//Network_can_nios2_qsys_1_processor_configuration.pl  --do_build_sim=1    --sim_dir=C:/Users/Hamza/AppData/Local/Temp/alt7171_3267209053119307091.dir/0005_nios2_qsys_1_gen/  ]
Info: nios2_qsys_1: # 2017.01.05 22:43:00 (*) Starting Nios II generation
Info: nios2_qsys_1: # 2017.01.05 22:43:00 (*)   Checking for plaintext license.
Info: nios2_qsys_1: # 2017.01.05 22:43:01 (*)   Couldn't query license setup in Quartus directory C:/altera/13.1/quartus
Info: nios2_qsys_1: # 2017.01.05 22:43:01 (*)   Defaulting to contents of LM_LICENSE_FILE environment variable
Info: nios2_qsys_1: # 2017.01.05 22:43:01 (*)   LM_LICENSE_FILE environment variable is empty
Info: nios2_qsys_1: # 2017.01.05 22:43:01 (*)   Plaintext license not found.
Info: nios2_qsys_1: # 2017.01.05 22:43:01 (*)   No license required to generate encrypted Nios II/e.
Info: nios2_qsys_1: # 2017.01.05 22:43:01 (*)   Elaborating CPU configuration settings
Info: nios2_qsys_1: # 2017.01.05 22:43:01 (*)   Creating all objects for CPU
Info: nios2_qsys_1: # 2017.01.05 22:43:02 (*)   Creating 'C:/Users/Hamza/AppData/Local/Temp/alt7171_3267209053119307091.dir/0005_nios2_qsys_1_gen//Network_can_nios2_qsys_1_nios2_waves.do'
Info: nios2_qsys_1: # 2017.01.05 22:43:02 (*)   Generating RTL from CPU objects
Info: nios2_qsys_1: # 2017.01.05 22:43:02 (*)   Creating plain-text RTL
Info: nios2_qsys_1: # 2017.01.05 22:43:06 (*) Done Nios II generation
Info: nios2_qsys_1: Done RTL generation for module 'Network_can_nios2_qsys_1'
Info: nios2_qsys_1: "Network_can" instantiated altera_nios2_qsys "nios2_qsys_1"
Info: onchip_memory2_0: Starting RTL generation for module 'Network_can_onchip_memory2_0'
Info: onchip_memory2_0:   Generation command is [exec C:/altera/13.1/quartus/bin/perl/bin/perl.exe -I C:/altera/13.1/quartus/bin/perl/lib -I C:/altera/13.1/quartus/sopc_builder/bin/europa -I C:/altera/13.1/quartus/sopc_builder/bin/perl_lib -I C:/altera/13.1/quartus/sopc_builder/bin -I C:/altera/13.1/quartus/../ip/altera/sopc_builder_ip/common -I C:/altera/13.1/quartus/../ip/altera/sopc_builder_ip/altera_avalon_onchip_memory2 -- C:/altera/13.1/quartus/../ip/altera/sopc_builder_ip/altera_avalon_onchip_memory2/generate_rtl.pl --name=Network_can_onchip_memory2_0 --dir=C:/Users/Hamza/AppData/Local/Temp/alt7171_3267209053119307091.dir/0006_onchip_memory2_0_gen/ --quartus_dir=C:/altera/13.1/quartus --vhdl --config=C:/Users/Hamza/AppData/Local/Temp/alt7171_3267209053119307091.dir/0006_onchip_memory2_0_gen//Network_can_onchip_memory2_0_component_configuration.pl  --do_build_sim=1    --sim_dir=C:/Users/Hamza/AppData/Local/Temp/alt7171_3267209053119307091.dir/0006_onchip_memory2_0_gen/  ]
Info: onchip_memory2_0: Done RTL generation for module 'Network_can_onchip_memory2_0'
Info: onchip_memory2_0: "Network_can" instantiated altera_avalon_onchip_memory2 "onchip_memory2_0"
Info: onchip_memory2_1: Starting RTL generation for module 'Network_can_onchip_memory2_1'
Info: onchip_memory2_1:   Generation command is [exec C:/altera/13.1/quartus/bin/perl/bin/perl.exe -I C:/altera/13.1/quartus/bin/perl/lib -I C:/altera/13.1/quartus/sopc_builder/bin/europa -I C:/altera/13.1/quartus/sopc_builder/bin/perl_lib -I C:/altera/13.1/quartus/sopc_builder/bin -I C:/altera/13.1/quartus/../ip/altera/sopc_builder_ip/common -I C:/altera/13.1/quartus/../ip/altera/sopc_builder_ip/altera_avalon_onchip_memory2 -- C:/altera/13.1/quartus/../ip/altera/sopc_builder_ip/altera_avalon_onchip_memory2/generate_rtl.pl --name=Network_can_onchip_memory2_1 --dir=C:/Users/Hamza/AppData/Local/Temp/alt7171_3267209053119307091.dir/0007_onchip_memory2_1_gen/ --quartus_dir=C:/altera/13.1/quartus --vhdl --config=C:/Users/Hamza/AppData/Local/Temp/alt7171_3267209053119307091.dir/0007_onchip_memory2_1_gen//Network_can_onchip_memory2_1_component_configuration.pl  --do_build_sim=1    --sim_dir=C:/Users/Hamza/AppData/Local/Temp/alt7171_3267209053119307091.dir/0007_onchip_memory2_1_gen/  ]
Info: onchip_memory2_1: Done RTL generation for module 'Network_can_onchip_memory2_1'
Info: onchip_memory2_1: "Network_can" instantiated altera_avalon_onchip_memory2 "onchip_memory2_1"
Info: Bus_CAN_0: "Network_can" instantiated Bus_CAN "Bus_CAN_0"
Info: Reusing file C:/Users/Hamza/Desktop/CAN/Network_can/Network_can/simulation/submodules/CAN_Bus.vhd
Info: pipeline_bridge_swap_transform: After transform: 33 modules, 105 connections
Info: No custom instruction connections, skipping transform 
Info: merlin_initial_interconnect_transform: After transform: 0 modules, 0 connections
Info: No Avalon connections, skipping transform 
Info: merlin_hierarchy_transform: After transform: 33 modules, 105 connections
Info: merlin_initial_interconnect_transform: After transform: 0 modules, 0 connections
Info: No Avalon connections, skipping transform 
Info: merlin_hierarchy_transform: After transform: 33 modules, 105 connections
Info: merlin_initial_interconnect_transform: After transform: 0 modules, 0 connections
Info: No Avalon connections, skipping transform 
Info: merlin_hierarchy_transform: After transform: 33 modules, 105 connections
Info: merlin_initial_interconnect_transform: After transform: 0 modules, 0 connections
Info: No Avalon connections, skipping transform 
Info: merlin_hierarchy_transform: After transform: 33 modules, 105 connections
Info: merlin_initial_interconnect_transform: After transform: 0 modules, 0 connections
Info: No Avalon connections, skipping transform 
Info: merlin_hierarchy_transform: After transform: 33 modules, 105 connections
Info: mm_interconnect_0: "Network_can" instantiated altera_merlin_interconnect_wrapper "mm_interconnect_0"
Info: pipeline_bridge_swap_transform: After transform: 33 modules, 105 connections
Info: No custom instruction connections, skipping transform 
Info: merlin_initial_interconnect_transform: After transform: 0 modules, 0 connections
Info: No Avalon connections, skipping transform 
Info: merlin_hierarchy_transform: After transform: 33 modules, 105 connections
Info: merlin_initial_interconnect_transform: After transform: 0 modules, 0 connections
Info: No Avalon connections, skipping transform 
Info: merlin_hierarchy_transform: After transform: 33 modules, 105 connections
Info: merlin_initial_interconnect_transform: After transform: 0 modules, 0 connections
Info: No Avalon connections, skipping transform 
Info: merlin_hierarchy_transform: After transform: 33 modules, 105 connections
Info: merlin_initial_interconnect_transform: After transform: 0 modules, 0 connections
Info: No Avalon connections, skipping transform 
Info: merlin_hierarchy_transform: After transform: 33 modules, 105 connections
Info: merlin_initial_interconnect_transform: After transform: 0 modules, 0 connections
Info: No Avalon connections, skipping transform 
Info: merlin_hierarchy_transform: After transform: 33 modules, 105 connections
Info: mm_interconnect_1: "Network_can" instantiated altera_merlin_interconnect_wrapper "mm_interconnect_1"
Info: irq_mapper: Generating VHDL simulation model
Info: irq_mapper: Generated simulation model Network_can_irq_mapper.vho
Info: irq_mapper: "Network_can" instantiated altera_irq_mapper "irq_mapper"
Info: rst_controller: "Network_can" instantiated altera_reset_controller "rst_controller"
Info: nios2_qsys_0_instruction_master_translator: "mm_interconnect_0" instantiated altera_merlin_master_translator "nios2_qsys_0_instruction_master_translator"
Info: nios2_qsys_0_jtag_debug_module_translator: "mm_interconnect_0" instantiated altera_merlin_slave_translator "nios2_qsys_0_jtag_debug_module_translator"
Info: nios2_qsys_0_instruction_master_translator_avalon_universal_master_0_agent: "mm_interconnect_0" instantiated altera_merlin_master_agent "nios2_qsys_0_instruction_master_translator_avalon_universal_master_0_agent"
Info: nios2_qsys_0_jtag_debug_module_translator_avalon_universal_slave_0_agent: "mm_interconnect_0" instantiated altera_merlin_slave_agent "nios2_qsys_0_jtag_debug_module_translator_avalon_universal_slave_0_agent"
Info: nios2_qsys_0_jtag_debug_module_translator_avalon_universal_slave_0_agent_rsp_fifo: Generating VHDL simulation model
Info: nios2_qsys_0_jtag_debug_module_translator_avalon_universal_slave_0_agent_rsp_fifo: Generated simulation model Network_can_mm_interconnect_0_nios2_qsys_0_jtag_debug_module_translator_avalon_universal_slave_0_agent_rsp_fifo.vho
Info: nios2_qsys_0_jtag_debug_module_translator_avalon_universal_slave_0_agent_rsp_fifo: "mm_interconnect_0" instantiated altera_avalon_sc_fifo "nios2_qsys_0_jtag_debug_module_translator_avalon_universal_slave_0_agent_rsp_fifo"
Info: Can_controller_0_avalon_slave_0_translator_avalon_universal_slave_0_agent_rsp_fifo: Generating VHDL simulation model
Info: Can_controller_0_avalon_slave_0_translator_avalon_universal_slave_0_agent_rsp_fifo: Generated simulation model Network_can_mm_interconnect_0_Can_controller_0_avalon_slave_0_translator_avalon_universal_slave_0_agent_rsp_fifo.vho
Info: Can_controller_0_avalon_slave_0_translator_avalon_universal_slave_0_agent_rsp_fifo: "mm_interconnect_0" instantiated altera_avalon_sc_fifo "Can_controller_0_avalon_slave_0_translator_avalon_universal_slave_0_agent_rsp_fifo"
Info: addr_router: "mm_interconnect_0" instantiated altera_merlin_router "addr_router"
Info: addr_router_001: "mm_interconnect_0" instantiated altera_merlin_router "addr_router_001"
Info: id_router: "mm_interconnect_0" instantiated altera_merlin_router "id_router"
Info: id_router_002: "mm_interconnect_0" instantiated altera_merlin_router "id_router_002"
Info: burst_adapter: "mm_interconnect_0" instantiated altera_merlin_burst_adapter "burst_adapter"
Info: cmd_xbar_demux: Generating VHDL simulation model
Info: cmd_xbar_demux: Generated simulation model Network_can_mm_interconnect_0_cmd_xbar_demux.vho
Info: cmd_xbar_demux: "mm_interconnect_0" instantiated altera_merlin_demultiplexer "cmd_xbar_demux"
Info: cmd_xbar_demux_001: Generating VHDL simulation model
Info: cmd_xbar_demux_001: Generated simulation model Network_can_mm_interconnect_0_cmd_xbar_demux_001.vho
Info: cmd_xbar_demux_001: "mm_interconnect_0" instantiated altera_merlin_demultiplexer "cmd_xbar_demux_001"
Info: cmd_xbar_mux: Generating VHDL simulation model
Info: cmd_xbar_mux: Generated simulation model Network_can_mm_interconnect_0_cmd_xbar_mux.vho
Info: cmd_xbar_mux: "mm_interconnect_0" instantiated altera_merlin_multiplexer "cmd_xbar_mux"
Info: cmd_xbar_mux_002: Generating VHDL simulation model
Info: cmd_xbar_mux_002: Generated simulation model Network_can_mm_interconnect_0_cmd_xbar_mux_002.vho
Info: cmd_xbar_mux_002: "mm_interconnect_0" instantiated altera_merlin_multiplexer "cmd_xbar_mux_002"
Info: rsp_xbar_demux_002: Generating VHDL simulation model
Info: rsp_xbar_demux_002: Generated simulation model Network_can_mm_interconnect_0_rsp_xbar_demux_002.vho
Info: rsp_xbar_demux_002: "mm_interconnect_0" instantiated altera_merlin_demultiplexer "rsp_xbar_demux_002"
Info: rsp_xbar_mux: Generating VHDL simulation model
Info: rsp_xbar_mux: Generated simulation model Network_can_mm_interconnect_0_rsp_xbar_mux.vho
Info: rsp_xbar_mux: "mm_interconnect_0" instantiated altera_merlin_multiplexer "rsp_xbar_mux"
Info: rsp_xbar_mux_001: Generating VHDL simulation model
Info: rsp_xbar_mux_001: Generated simulation model Network_can_mm_interconnect_0_rsp_xbar_mux_001.vho
Info: rsp_xbar_mux_001: "mm_interconnect_0" instantiated altera_merlin_multiplexer "rsp_xbar_mux_001"
Info: width_adapter: "mm_interconnect_0" instantiated altera_merlin_width_adapter "width_adapter"
Info: Reusing file C:/Users/Hamza/Desktop/CAN/Network_can/Network_can/simulation/submodules/mentor/altera_merlin_address_alignment.sv
Info: Reusing file C:/Users/Hamza/Desktop/CAN/Network_can/Network_can/simulation/submodules/mentor/altera_merlin_burst_uncompressor.sv
Info: Reusing file C:/Users/Hamza/Desktop/CAN/Network_can/Network_can/simulation/submodules/aldec/altera_merlin_address_alignment.sv
Info: Reusing file C:/Users/Hamza/Desktop/CAN/Network_can/Network_can/simulation/submodules/aldec/altera_merlin_burst_uncompressor.sv
Info: Network_can: Done "Network_can" with 30 modules, 106 files, 3429114 bytes
Info: ip-generate succeeded.
Info: Finished: Create simulation model
Info: Starting: Create Modelsim Project.
Info: sim-script-gen --spd=C:/Users/Hamza/Desktop/CAN/Network_can/Network_can.spd --output-directory=C:/Users/Hamza/Desktop/CAN/Network_can/Network_can/simulation/
Info: Doing: ip-make-simscript --spd=C:/Users/Hamza/Desktop/CAN/Network_can/Network_can.spd --output-directory=C:/Users/Hamza/Desktop/CAN/Network_can/Network_can/simulation/
Info: Generating the following file(s) for MODELSIM simulator in C:/Users/Hamza/Desktop/CAN/Network_can/Network_can/simulation/ directory:
Info: 	mentor/msim_setup.tcl
Info: Skipping VCS script generation since VHDL file $QUARTUS_INSTALL_DIR/eda/sim_lib/altera_syn_attributes.vhd is required for simulation
Info: Generating the following file(s) for VCSMX simulator in C:/Users/Hamza/Desktop/CAN/Network_can/Network_can/simulation/ directory:
Info: 	synopsys/vcsmx/synopsys_sim.setup
Info: 	synopsys/vcsmx/vcsmx_setup.sh
Info: Generating the following file(s) for NCSIM simulator in C:/Users/Hamza/Desktop/CAN/Network_can/Network_can/simulation/ directory:
Info: 	cadence/cds.lib
Info: 	cadence/hdl.var
Info: 	cadence/ncsim_setup.sh
Info: 	22 .cds.lib files in cadence/cds_libs/ directory
Info: Generating the following file(s) for RIVIERA simulator in C:/Users/Hamza/Desktop/CAN/Network_can/Network_can/simulation/ directory:
Info: 	aldec/rivierapro_setup.tcl
Info: Finished: Create Modelsim Project.
Info: Starting: Create block symbol file (.bsf)
Info: ip-generate --project-directory=C:/Users/Hamza/Desktop/CAN/Network_can/ --output-directory=C:/Users/Hamza/Desktop/CAN/Network_can/Network_can/ --report-file=bsf:C:/Users/Hamza/Desktop/CAN/Network_can/Network_can.bsf --system-info=DEVICE_FAMILY="Cyclone III" --system-info=DEVICE=EP3C25F324C6 --system-info=DEVICE_SPEEDGRADE=6 --component-file=C:/Users/Hamza/Desktop/CAN/Network_can/Network_can.qsys
Progress: Loading Network_can/Network_can.qsys
Progress: Reading input file
Progress: Adding clk_0 [clock_source 13.1]
Progress: Parameterizing module clk_0
Progress: Adding Can_controller_0 [Can_controller 1.0]
Progress: Parameterizing module Can_controller_0
Progress: Adding nios2_qsys_0 [altera_nios2_qsys 13.1]
Progress: Parameterizing module nios2_qsys_0
Progress: Adding nios2_qsys_1 [altera_nios2_qsys 13.1]
Progress: Parameterizing module nios2_qsys_1
Progress: Adding onchip_memory2_0 [altera_avalon_onchip_memory2 13.1]
Progress: Parameterizing module onchip_memory2_0
Progress: Adding onchip_memory2_1 [altera_avalon_onchip_memory2 13.1]
Progress: Parameterizing module onchip_memory2_1
Progress: Adding Can_controller_1 [Can_controller 1.0]
Progress: Parameterizing module Can_controller_1
Progress: Adding clk_1 [clock_source 13.1]
Progress: Parameterizing module clk_1
Progress: Adding Bus_CAN_0 [Bus_CAN 1.0]
Progress: Parameterizing module Bus_CAN_0
Progress: Building connections
Progress: Parameterizing connections
Progress: Validating
Progress: Done reading input file
Info: ip-generate succeeded.
Info: Finished: Create block symbol file (.bsf)
Info: 
Info: Starting: Create HDL design files for synthesis
Info: ip-generate --project-directory=C:/Users/Hamza/Desktop/CAN/Network_can/ --output-directory=C:/Users/Hamza/Desktop/CAN/Network_can/Network_can/synthesis/ --file-set=QUARTUS_SYNTH --report-file=html:C:/Users/Hamza/Desktop/CAN/Network_can/Network_can.html --report-file=sopcinfo:C:/Users/Hamza/Desktop/CAN/Network_can/Network_can.sopcinfo --report-file=cmp:C:/Users/Hamza/Desktop/CAN/Network_can/Network_can.cmp --report-file=qip:C:/Users/Hamza/Desktop/CAN/Network_can/Network_can/synthesis/Network_can.qip --report-file=svd --report-file=regmap:C:/Users/Hamza/Desktop/CAN/Network_can/Network_can/synthesis/Network_can.regmap --report-file=debuginfo:C:/Users/Hamza/Desktop/CAN/Network_can/Network_can/synthesis/Network_can.debuginfo --system-info=DEVICE_FAMILY="Cyclone III" --system-info=DEVICE=EP3C25F324C6 --system-info=DEVICE_SPEEDGRADE=6 --component-file=C:/Users/Hamza/Desktop/CAN/Network_can/Network_can.qsys --language=VHDL
Progress: Loading Network_can/Network_can.qsys
Progress: Reading input file
Progress: Adding clk_0 [clock_source 13.1]
Progress: Parameterizing module clk_0
Progress: Adding Can_controller_0 [Can_controller 1.0]
Progress: Parameterizing module Can_controller_0
Progress: Adding nios2_qsys_0 [altera_nios2_qsys 13.1]
Progress: Parameterizing module nios2_qsys_0
Progress: Adding nios2_qsys_1 [altera_nios2_qsys 13.1]
Progress: Parameterizing module nios2_qsys_1
Progress: Adding onchip_memory2_0 [altera_avalon_onchip_memory2 13.1]
Progress: Parameterizing module onchip_memory2_0
Progress: Adding onchip_memory2_1 [altera_avalon_onchip_memory2 13.1]
Progress: Parameterizing module onchip_memory2_1
Progress: Adding Can_controller_1 [Can_controller 1.0]
Progress: Parameterizing module Can_controller_1
Progress: Adding clk_1 [clock_source 13.1]
Progress: Parameterizing module clk_1
Progress: Adding Bus_CAN_0 [Bus_CAN 1.0]
Progress: Parameterizing module Bus_CAN_0
Progress: Building connections
Progress: Parameterizing connections
Progress: Validating
Progress: Done reading input file
Info: Network_can: Generating Network_can "Network_can" for QUARTUS_SYNTH
Info: pipeline_bridge_swap_transform: After transform: 9 modules, 34 connections
Info: No custom instruction connections, skipping transform 
Info: merlin_initial_interconnect_transform: After transform: 4 modules, 14 connections
Info: merlin_translator_transform: After transform: 9 modules, 34 connections
Info: merlin_domain_transform: After transform: 18 modules, 92 connections
Info: merlin_router_transform: After transform: 23 modules, 112 connections
Info: merlin_burst_transform: After transform: 24 modules, 116 connections
Info: merlin_network_to_switch_transform: After transform: 33 modules, 141 connections
Info: merlin_width_transform: After transform: 35 modules, 149 connections
Info: merlin_clock_and_reset_bridge_transform: After transform: 37 modules, 185 connections
Info: merlin_hierarchy_transform: After transform: 10 modules, 37 connections
Info: merlin_initial_interconnect_transform: After transform: 4 modules, 14 connections
Info: merlin_translator_transform: After transform: 9 modules, 34 connections
Info: merlin_domain_transform: After transform: 18 modules, 92 connections
Info: merlin_router_transform: After transform: 23 modules, 112 connections
Info: merlin_burst_transform: After transform: 24 modules, 116 connections
Info: merlin_network_to_switch_transform: After transform: 33 modules, 141 connections
Info: merlin_width_transform: After transform: 35 modules, 149 connections
Info: merlin_clock_and_reset_bridge_transform: After transform: 37 modules, 185 connections
Info: merlin_hierarchy_transform: After transform: 11 modules, 40 connections
Info: merlin_mm_transform: After transform: 11 modules, 40 connections
Info: merlin_interrupt_mapper_transform: After transform: 13 modules, 48 connections
Info: reset_adaptation_transform: After transform: 17 modules, 52 connections
Info: Can_controller_0: "Network_can" instantiated Can_controller "Can_controller_0"
Info: nios2_qsys_0: Starting RTL generation for module 'Network_can_nios2_qsys_0'
Info: nios2_qsys_0:   Generation command is [exec C:/altera/13.1/quartus/bin/eperlcmd.exe -I C:/altera/13.1/quartus/bin/perl/lib -I C:/altera/13.1/quartus/sopc_builder/bin/europa -I C:/altera/13.1/quartus/sopc_builder/bin/perl_lib -I C:/altera/13.1/quartus/sopc_builder/bin -I C:/altera/13.1/quartus/../ip/altera/nios2_ip/altera_nios2/cpu_lib -I C:/altera/13.1/quartus/../ip/altera/nios2_ip/altera_nios2/nios_lib -I C:/altera/13.1/quartus/../ip/altera/nios2_ip/altera_nios2 -I C:/altera/13.1/quartus/../ip/altera/nios2_ip/altera_nios2 -- C:/altera/13.1/quartus/../ip/altera/nios2_ip/altera_nios2/generate_rtl.epl --name=Network_can_nios2_qsys_0 --dir=C:/Users/Hamza/AppData/Local/Temp/alt7171_3267209053119307091.dir/0060_nios2_qsys_0_gen/ --quartus_dir=C:/altera/13.1/quartus --verilog --config=C:/Users/Hamza/AppData/Local/Temp/alt7171_3267209053119307091.dir/0060_nios2_qsys_0_gen//Network_can_nios2_qsys_0_processor_configuration.pl  --do_build_sim=0  ]
Info: nios2_qsys_0: # 2017.01.05 22:43:50 (*) Starting Nios II generation
Info: nios2_qsys_0: # 2017.01.05 22:43:50 (*)   Checking for plaintext license.
Info: nios2_qsys_0: # 2017.01.05 22:43:51 (*)   Couldn't query license setup in Quartus directory C:/altera/13.1/quartus
Info: nios2_qsys_0: # 2017.01.05 22:43:51 (*)   Defaulting to contents of LM_LICENSE_FILE environment variable
Info: nios2_qsys_0: # 2017.01.05 22:43:51 (*)   LM_LICENSE_FILE environment variable is empty
Info: nios2_qsys_0: # 2017.01.05 22:43:51 (*)   Plaintext license not found.
Info: nios2_qsys_0: # 2017.01.05 22:43:51 (*)   No license required to generate encrypted Nios II/e.
Info: nios2_qsys_0: # 2017.01.05 22:43:51 (*)   Elaborating CPU configuration settings
Info: nios2_qsys_0: # 2017.01.05 22:43:51 (*)   Creating all objects for CPU
Info: nios2_qsys_0: # 2017.01.05 22:43:53 (*)   Generating RTL from CPU objects
Info: nios2_qsys_0: # 2017.01.05 22:43:53 (*)   Creating plain-text RTL
Info: nios2_qsys_0: # 2017.01.05 22:43:54 (*) Done Nios II generation
Info: nios2_qsys_0: Done RTL generation for module 'Network_can_nios2_qsys_0'
Info: nios2_qsys_0: "Network_can" instantiated altera_nios2_qsys "nios2_qsys_0"
Info: nios2_qsys_1: Starting RTL generation for module 'Network_can_nios2_qsys_1'
Info: nios2_qsys_1:   Generation command is [exec C:/altera/13.1/quartus/bin/eperlcmd.exe -I C:/altera/13.1/quartus/bin/perl/lib -I C:/altera/13.1/quartus/sopc_builder/bin/europa -I C:/altera/13.1/quartus/sopc_builder/bin/perl_lib -I C:/altera/13.1/quartus/sopc_builder/bin -I C:/altera/13.1/quartus/../ip/altera/nios2_ip/altera_nios2/cpu_lib -I C:/altera/13.1/quartus/../ip/altera/nios2_ip/altera_nios2/nios_lib -I C:/altera/13.1/quartus/../ip/altera/nios2_ip/altera_nios2 -I C:/altera/13.1/quartus/../ip/altera/nios2_ip/altera_nios2 -- C:/altera/13.1/quartus/../ip/altera/nios2_ip/altera_nios2/generate_rtl.epl --name=Network_can_nios2_qsys_1 --dir=C:/Users/Hamza/AppData/Local/Temp/alt7171_3267209053119307091.dir/0061_nios2_qsys_1_gen/ --quartus_dir=C:/altera/13.1/quartus --verilog --config=C:/Users/Hamza/AppData/Local/Temp/alt7171_3267209053119307091.dir/0061_nios2_qsys_1_gen//Network_can_nios2_qsys_1_processor_configuration.pl  --do_build_sim=0  ]
Info: nios2_qsys_1: # 2017.01.05 22:43:56 (*) Starting Nios II generation
Info: nios2_qsys_1: # 2017.01.05 22:43:56 (*)   Checking for plaintext license.
Info: nios2_qsys_1: # 2017.01.05 22:43:57 (*)   Couldn't query license setup in Quartus directory C:/altera/13.1/quartus
Info: nios2_qsys_1: # 2017.01.05 22:43:57 (*)   Defaulting to contents of LM_LICENSE_FILE environment variable
Info: nios2_qsys_1: # 2017.01.05 22:43:57 (*)   LM_LICENSE_FILE environment variable is empty
Info: nios2_qsys_1: # 2017.01.05 22:43:57 (*)   Plaintext license not found.
Info: nios2_qsys_1: # 2017.01.05 22:43:57 (*)   No license required to generate encrypted Nios II/e.
Info: nios2_qsys_1: # 2017.01.05 22:43:57 (*)   Elaborating CPU configuration settings
Info: nios2_qsys_1: # 2017.01.05 22:43:57 (*)   Creating all objects for CPU
Info: nios2_qsys_1: # 2017.01.05 22:43:58 (*)   Generating RTL from CPU objects
Info: nios2_qsys_1: # 2017.01.05 22:43:58 (*)   Creating plain-text RTL
Info: nios2_qsys_1: # 2017.01.05 22:44:00 (*) Done Nios II generation
Info: nios2_qsys_1: Done RTL generation for module 'Network_can_nios2_qsys_1'
Info: nios2_qsys_1: "Network_can" instantiated altera_nios2_qsys "nios2_qsys_1"
Info: onchip_memory2_0: Starting RTL generation for module 'Network_can_onchip_memory2_0'
Info: onchip_memory2_0:   Generation command is [exec C:/altera/13.1/quartus/bin/perl/bin/perl.exe -I C:/altera/13.1/quartus/bin/perl/lib -I C:/altera/13.1/quartus/sopc_builder/bin/europa -I C:/altera/13.1/quartus/sopc_builder/bin/perl_lib -I C:/altera/13.1/quartus/sopc_builder/bin -I C:/altera/13.1/quartus/../ip/altera/sopc_builder_ip/common -I C:/altera/13.1/quartus/../ip/altera/sopc_builder_ip/altera_avalon_onchip_memory2 -- C:/altera/13.1/quartus/../ip/altera/sopc_builder_ip/altera_avalon_onchip_memory2/generate_rtl.pl --name=Network_can_onchip_memory2_0 --dir=C:/Users/Hamza/AppData/Local/Temp/alt7171_3267209053119307091.dir/0062_onchip_memory2_0_gen/ --quartus_dir=C:/altera/13.1/quartus --verilog --config=C:/Users/Hamza/AppData/Local/Temp/alt7171_3267209053119307091.dir/0062_onchip_memory2_0_gen//Network_can_onchip_memory2_0_component_configuration.pl  --do_build_sim=0  ]
Info: onchip_memory2_0: Done RTL generation for module 'Network_can_onchip_memory2_0'
Info: onchip_memory2_0: "Network_can" instantiated altera_avalon_onchip_memory2 "onchip_memory2_0"
Info: onchip_memory2_1: Starting RTL generation for module 'Network_can_onchip_memory2_1'
Info: onchip_memory2_1:   Generation command is [exec C:/altera/13.1/quartus/bin/perl/bin/perl.exe -I C:/altera/13.1/quartus/bin/perl/lib -I C:/altera/13.1/quartus/sopc_builder/bin/europa -I C:/altera/13.1/quartus/sopc_builder/bin/perl_lib -I C:/altera/13.1/quartus/sopc_builder/bin -I C:/altera/13.1/quartus/../ip/altera/sopc_builder_ip/common -I C:/altera/13.1/quartus/../ip/altera/sopc_builder_ip/altera_avalon_onchip_memory2 -- C:/altera/13.1/quartus/../ip/altera/sopc_builder_ip/altera_avalon_onchip_memory2/generate_rtl.pl --name=Network_can_onchip_memory2_1 --dir=C:/Users/Hamza/AppData/Local/Temp/alt7171_3267209053119307091.dir/0063_onchip_memory2_1_gen/ --quartus_dir=C:/altera/13.1/quartus --verilog --config=C:/Users/Hamza/AppData/Local/Temp/alt7171_3267209053119307091.dir/0063_onchip_memory2_1_gen//Network_can_onchip_memory2_1_component_configuration.pl  --do_build_sim=0  ]
Info: onchip_memory2_1: Done RTL generation for module 'Network_can_onchip_memory2_1'
Info: onchip_memory2_1: "Network_can" instantiated altera_avalon_onchip_memory2 "onchip_memory2_1"
Info: Bus_CAN_0: "Network_can" instantiated Bus_CAN "Bus_CAN_0"
Info: Reusing file C:/Users/Hamza/Desktop/CAN/Network_can/Network_can/synthesis/submodules/CAN_Bus.vhd
Info: pipeline_bridge_swap_transform: After transform: 33 modules, 105 connections
Info: No custom instruction connections, skipping transform 
Info: merlin_initial_interconnect_transform: After transform: 0 modules, 0 connections
Info: No Avalon connections, skipping transform 
Info: merlin_hierarchy_transform: After transform: 33 modules, 105 connections
Info: merlin_initial_interconnect_transform: After transform: 0 modules, 0 connections
Info: No Avalon connections, skipping transform 
Info: merlin_hierarchy_transform: After transform: 33 modules, 105 connections
Info: merlin_initial_interconnect_transform: After transform: 0 modules, 0 connections
Info: No Avalon connections, skipping transform 
Info: merlin_hierarchy_transform: After transform: 33 modules, 105 connections
Info: merlin_initial_interconnect_transform: After transform: 0 modules, 0 connections
Info: No Avalon connections, skipping transform 
Info: merlin_hierarchy_transform: After transform: 33 modules, 105 connections
Info: merlin_initial_interconnect_transform: After transform: 0 modules, 0 connections
Info: No Avalon connections, skipping transform 
Info: merlin_hierarchy_transform: After transform: 33 modules, 105 connections
Info: mm_interconnect_0: "Network_can" instantiated altera_merlin_interconnect_wrapper "mm_interconnect_0"
Info: pipeline_bridge_swap_transform: After transform: 33 modules, 105 connections
Info: No custom instruction connections, skipping transform 
Info: merlin_initial_interconnect_transform: After transform: 0 modules, 0 connections
Info: No Avalon connections, skipping transform 
Info: merlin_hierarchy_transform: After transform: 33 modules, 105 connections
Info: merlin_initial_interconnect_transform: After transform: 0 modules, 0 connections
Info: No Avalon connections, skipping transform 
Info: merlin_hierarchy_transform: After transform: 33 modules, 105 connections
Info: merlin_initial_interconnect_transform: After transform: 0 modules, 0 connections
Info: No Avalon connections, skipping transform 
Info: merlin_hierarchy_transform: After transform: 33 modules, 105 connections
Info: merlin_initial_interconnect_transform: After transform: 0 modules, 0 connections
Info: No Avalon connections, skipping transform 
Info: merlin_hierarchy_transform: After transform: 33 modules, 105 connections
Info: merlin_initial_interconnect_transform: After transform: 0 modules, 0 connections
Info: No Avalon connections, skipping transform 
Info: merlin_hierarchy_transform: After transform: 33 modules, 105 connections
Info: mm_interconnect_1: "Network_can" instantiated altera_merlin_interconnect_wrapper "mm_interconnect_1"
Info: irq_mapper: "Network_can" instantiated altera_irq_mapper "irq_mapper"
Info: rst_controller: "Network_can" instantiated altera_reset_controller "rst_controller"
Info: nios2_qsys_0_instruction_master_translator: "mm_interconnect_0" instantiated altera_merlin_master_translator "nios2_qsys_0_instruction_master_translator"
Info: nios2_qsys_0_jtag_debug_module_translator: "mm_interconnect_0" instantiated altera_merlin_slave_translator "nios2_qsys_0_jtag_debug_module_translator"
Info: nios2_qsys_0_instruction_master_translator_avalon_universal_master_0_agent: "mm_interconnect_0" instantiated altera_merlin_master_agent "nios2_qsys_0_instruction_master_translator_avalon_universal_master_0_agent"
Info: nios2_qsys_0_jtag_debug_module_translator_avalon_universal_slave_0_agent: "mm_interconnect_0" instantiated altera_merlin_slave_agent "nios2_qsys_0_jtag_debug_module_translator_avalon_universal_slave_0_agent"
Info: nios2_qsys_0_jtag_debug_module_translator_avalon_universal_slave_0_agent_rsp_fifo: "mm_interconnect_0" instantiated altera_avalon_sc_fifo "nios2_qsys_0_jtag_debug_module_translator_avalon_universal_slave_0_agent_rsp_fifo"
Info: addr_router: "mm_interconnect_0" instantiated altera_merlin_router "addr_router"
Info: addr_router_001: "mm_interconnect_0" instantiated altera_merlin_router "addr_router_001"
Info: id_router: "mm_interconnect_0" instantiated altera_merlin_router "id_router"
Info: id_router_002: "mm_interconnect_0" instantiated altera_merlin_router "id_router_002"
Info: burst_adapter: "mm_interconnect_0" instantiated altera_merlin_burst_adapter "burst_adapter"
Info: cmd_xbar_demux: "mm_interconnect_0" instantiated altera_merlin_demultiplexer "cmd_xbar_demux"
Info: cmd_xbar_demux_001: "mm_interconnect_0" instantiated altera_merlin_demultiplexer "cmd_xbar_demux_001"
Info: cmd_xbar_mux: "mm_interconnect_0" instantiated altera_merlin_multiplexer "cmd_xbar_mux"
Info: cmd_xbar_mux_002: "mm_interconnect_0" instantiated altera_merlin_multiplexer "cmd_xbar_mux_002"
Info: Reusing file C:/Users/Hamza/Desktop/CAN/Network_can/Network_can/synthesis/submodules/altera_merlin_arbitrator.sv
Info: rsp_xbar_demux_002: "mm_interconnect_0" instantiated altera_merlin_demultiplexer "rsp_xbar_demux_002"
Info: rsp_xbar_mux: "mm_interconnect_0" instantiated altera_merlin_multiplexer "rsp_xbar_mux"
Info: Reusing file C:/Users/Hamza/Desktop/CAN/Network_can/Network_can/synthesis/submodules/altera_merlin_arbitrator.sv
Info: rsp_xbar_mux_001: "mm_interconnect_0" instantiated altera_merlin_multiplexer "rsp_xbar_mux_001"
Info: Reusing file C:/Users/Hamza/Desktop/CAN/Network_can/Network_can/synthesis/submodules/altera_merlin_arbitrator.sv
Info: width_adapter: "mm_interconnect_0" instantiated altera_merlin_width_adapter "width_adapter"
Info: Reusing file C:/Users/Hamza/Desktop/CAN/Network_can/Network_can/synthesis/submodules/altera_merlin_address_alignment.sv
Info: Reusing file C:/Users/Hamza/Desktop/CAN/Network_can/Network_can/synthesis/submodules/altera_merlin_burst_uncompressor.sv
Info: Network_can: Done "Network_can" with 29 modules, 65 files, 1500795 bytes
Info: ip-generate succeeded.
Info: Finished: Create HDL design files for synthesis
